<?xml version="1.0" encoding="UTF-8"?>
<robot generator="Robot 5.0.1 (Python 3.10.5 on win32)" generated="20220805 06:41:31.903" rpa="false" schemaversion="3">
<suite id="s1" name="0 First Test Suite" source="E:\Github\Robotframework_ProjectAssignment_Group2\Documentations\Features\0_First_Test_Suite.robot">
<test id="s1-t1" name="add candidate" line="5">
<kw name="Open Browser" library="SeleniumLibrary">
<arg>https://opensource-demo.orangehrmlive.com/</arg>
<arg>chrome</arg>
<doc>Opens a new browser instance to the optional ``url``.</doc>
<msg timestamp="20220805 06:41:32.135" level="INFO">Opening browser 'chrome' to base url 'https://opensource-demo.orangehrmlive.com/'.</msg>
<status status="PASS" starttime="20220805 06:41:32.135" endtime="20220805 06:41:37.938"/>
</kw>
<kw name="Input Text" library="SeleniumLibrary">
<arg>xpath=//*[@id="txtUsername"]</arg>
<arg>Admin</arg>
<doc>Types the given ``text`` into the text field identified by ``locator``.</doc>
<msg timestamp="20220805 06:41:37.938" level="INFO">Typing text 'Admin' into text field 'xpath=//*[@id="txtUsername"]'.</msg>
<status status="PASS" starttime="20220805 06:41:37.938" endtime="20220805 06:41:37.980"/>
</kw>
<kw name="Sleep" library="BuiltIn">
<arg>2</arg>
<doc>Pauses the test executed for the given time.</doc>
<msg timestamp="20220805 06:41:39.985" level="INFO">Slept 2 seconds</msg>
<status status="PASS" starttime="20220805 06:41:37.980" endtime="20220805 06:41:39.985"/>
</kw>
<kw name="Input Text" library="SeleniumLibrary">
<arg>xpath=//*[@id="txtPassword"]</arg>
<arg>admin123</arg>
<doc>Types the given ``text`` into the text field identified by ``locator``.</doc>
<msg timestamp="20220805 06:41:39.985" level="INFO">Typing text 'admin123' into text field 'xpath=//*[@id="txtPassword"]'.</msg>
<status status="PASS" starttime="20220805 06:41:39.985" endtime="20220805 06:41:40.025"/>
</kw>
<kw name="Sleep" library="BuiltIn">
<arg>3</arg>
<doc>Pauses the test executed for the given time.</doc>
<msg timestamp="20220805 06:41:43.038" level="INFO">Slept 3 seconds</msg>
<status status="PASS" starttime="20220805 06:41:40.025" endtime="20220805 06:41:43.038"/>
</kw>
<kw name="Click Element" library="SeleniumLibrary">
<arg>xpath=//*[@id="btnLogin"]</arg>
<doc>Click the element identified by ``locator``.</doc>
<msg timestamp="20220805 06:41:43.038" level="INFO">Clicking element 'xpath=//*[@id="btnLogin"]'.</msg>
<status status="PASS" starttime="20220805 06:41:43.038" endtime="20220805 06:41:47.360"/>
</kw>
<kw name="Sleep" library="BuiltIn">
<arg>3</arg>
<doc>Pauses the test executed for the given time.</doc>
<msg timestamp="20220805 06:41:50.363" level="INFO">Slept 3 seconds</msg>
<status status="PASS" starttime="20220805 06:41:47.360" endtime="20220805 06:41:50.363"/>
</kw>
<kw name="Click Element" library="SeleniumLibrary">
<arg>xpath=//*[@id="menu_recruitment_viewRecruitmentModule"]/b</arg>
<doc>Click the element identified by ``locator``.</doc>
<msg timestamp="20220805 06:41:50.363" level="INFO">Clicking element 'xpath=//*[@id="menu_recruitment_viewRecruitmentModule"]/b'.</msg>
<status status="PASS" starttime="20220805 06:41:50.363" endtime="20220805 06:41:52.414"/>
</kw>
<kw name="Sleep" library="BuiltIn">
<arg>1</arg>
<doc>Pauses the test executed for the given time.</doc>
<msg timestamp="20220805 06:41:53.420" level="INFO">Slept 1 second</msg>
<status status="PASS" starttime="20220805 06:41:52.415" endtime="20220805 06:41:53.420"/>
</kw>
<kw name="Click Element" library="SeleniumLibrary">
<arg>xpath=//*[@id="btnAdd"]</arg>
<doc>Click the element identified by ``locator``.</doc>
<msg timestamp="20220805 06:41:53.420" level="INFO">Clicking element 'xpath=//*[@id="btnAdd"]'.</msg>
<status status="PASS" starttime="20220805 06:41:53.420" endtime="20220805 06:41:54.204"/>
</kw>
<kw name="Sleep" library="BuiltIn">
<arg>1</arg>
<doc>Pauses the test executed for the given time.</doc>
<msg timestamp="20220805 06:41:55.210" level="INFO">Slept 1 second</msg>
<status status="PASS" starttime="20220805 06:41:54.204" endtime="20220805 06:41:55.210"/>
</kw>
<kw name="Input Text" library="SeleniumLibrary">
<arg>xpath=//*[@id="addCandidate_firstName"]</arg>
<arg>Alia</arg>
<doc>Types the given ``text`` into the text field identified by ``locator``.</doc>
<msg timestamp="20220805 06:41:55.210" level="INFO">Typing text 'Alia' into text field 'xpath=//*[@id="addCandidate_firstName"]'.</msg>
<status status="PASS" starttime="20220805 06:41:55.210" endtime="20220805 06:41:55.257"/>
</kw>
<kw name="Sleep" library="BuiltIn">
<arg>1</arg>
<doc>Pauses the test executed for the given time.</doc>
<msg timestamp="20220805 06:41:56.259" level="INFO">Slept 1 second</msg>
<status status="PASS" starttime="20220805 06:41:55.258" endtime="20220805 06:41:56.259"/>
</kw>
<kw name="Input Text" library="SeleniumLibrary">
<arg>xpath=//*[@id="addCandidate_lastName"]</arg>
<arg>Khalid</arg>
<doc>Types the given ``text`` into the text field identified by ``locator``.</doc>
<msg timestamp="20220805 06:41:56.259" level="INFO">Typing text 'Khalid' into text field 'xpath=//*[@id="addCandidate_lastName"]'.</msg>
<status status="PASS" starttime="20220805 06:41:56.259" endtime="20220805 06:41:56.301"/>
</kw>
<kw name="Sleep" library="BuiltIn">
<arg>1</arg>
<doc>Pauses the test executed for the given time.</doc>
<msg timestamp="20220805 06:41:57.315" level="INFO">Slept 1 second</msg>
<status status="PASS" starttime="20220805 06:41:56.301" endtime="20220805 06:41:57.315"/>
</kw>
<kw name="Input Text" library="SeleniumLibrary">
<arg>xpath=//*[@id="addCandidate_email"]</arg>
<arg>aliakhalid@kmail.com</arg>
<doc>Types the given ``text`` into the text field identified by ``locator``.</doc>
<msg timestamp="20220805 06:41:57.315" level="INFO">Typing text 'aliakhalid@kmail.com' into text field 'xpath=//*[@id="addCandidate_email"]'.</msg>
<status status="PASS" starttime="20220805 06:41:57.315" endtime="20220805 06:41:57.361"/>
</kw>
<kw name="Sleep" library="BuiltIn">
<arg>1</arg>
<doc>Pauses the test executed for the given time.</doc>
<msg timestamp="20220805 06:41:58.362" level="INFO">Slept 1 second</msg>
<status status="PASS" starttime="20220805 06:41:57.361" endtime="20220805 06:41:58.362"/>
</kw>
<kw name="Select From List By Label" library="SeleniumLibrary">
<arg>xpath=//*[@id="addCandidate_vacancy"]</arg>
<arg>Senior QA Lead</arg>
<doc>Selects options from selection list ``locator`` by ``labels``.</doc>
<msg timestamp="20220805 06:41:58.362" level="INFO">Selecting options from selection list 'xpath=//*[@id="addCandidate_vacancy"]' by label Senior QA Lead.</msg>
<status status="PASS" starttime="20220805 06:41:58.362" endtime="20220805 06:41:58.397"/>
</kw>
<kw name="Sleep" library="BuiltIn">
<arg>1</arg>
<doc>Pauses the test executed for the given time.</doc>
<msg timestamp="20220805 06:41:59.400" level="INFO">Slept 1 second</msg>
<status status="PASS" starttime="20220805 06:41:58.397" endtime="20220805 06:41:59.400"/>
</kw>
<kw name="Choose File" library="SeleniumLibrary">
<arg>xpath=//*[@id="addCandidate_resume"]</arg>
<arg>E:\\Github\\Robotframework_ProjectAssignment_Group2\\Documentations\\Features/sample_resume_small_size.pdf</arg>
<doc>Inputs the ``file_path`` into the file input field ``locator``.</doc>
<msg timestamp="20220805 06:41:59.400" level="INFO">Sending E:\Github\Robotframework_ProjectAssignment_Group2\Documentations\Features\sample_resume_small_size.pdf to browser.</msg>
<status status="PASS" starttime="20220805 06:41:59.400" endtime="20220805 06:41:59.964"/>
</kw>
<kw name="Click Element" library="SeleniumLibrary">
<arg>xpath=//*[@id="btnSave"]</arg>
<doc>Click the element identified by ``locator``.</doc>
<msg timestamp="20220805 06:41:59.964" level="INFO">Clicking element 'xpath=//*[@id="btnSave"]'.</msg>
<status status="PASS" starttime="20220805 06:41:59.964" endtime="20220805 06:42:01.376"/>
</kw>
<kw name="Sleep" library="BuiltIn">
<arg>3</arg>
<doc>Pauses the test executed for the given time.</doc>
<msg timestamp="20220805 06:42:04.388" level="INFO">Slept 3 seconds</msg>
<status status="PASS" starttime="20220805 06:42:01.376" endtime="20220805 06:42:04.388"/>
</kw>
<kw name="Click Element" library="SeleniumLibrary">
<arg>xpath=//*[@id="btnBack"]</arg>
<doc>Click the element identified by ``locator``.</doc>
<msg timestamp="20220805 06:42:04.388" level="INFO">Clicking element 'xpath=//*[@id="btnBack"]'.</msg>
<status status="PASS" starttime="20220805 06:42:04.388" endtime="20220805 06:42:05.178"/>
</kw>
<kw name="Sleep" library="BuiltIn">
<arg>2</arg>
<doc>Pauses the test executed for the given time.</doc>
<msg timestamp="20220805 06:42:07.190" level="INFO">Slept 2 seconds</msg>
<status status="PASS" starttime="20220805 06:42:05.178" endtime="20220805 06:42:07.190"/>
</kw>
<status status="PASS" starttime="20220805 06:41:32.135" endtime="20220805 06:42:07.190"/>
</test>
<status status="PASS" starttime="20220805 06:41:31.903" endtime="20220805 06:42:07.190"/>
</suite>
<statistics>
<total>
<stat pass="1" fail="0" skip="0">All Tests</stat>
</total>
<tag>
</tag>
<suite>
<stat pass="1" fail="0" skip="0" id="s1" name="0 First Test Suite">0 First Test Suite</stat>
</suite>
</statistics>
<errors>
</errors>
</robot>
