<?xml version="1.0" encoding="UTF-8"?>
<robot generator="Robot 5.0.1 (Python 3.10.5 on win32)" generated="20220807 15:09:14.293" rpa="false" schemaversion="3">
<suite id="s1" name="0 First Test Suite" source="E:\Github\Robotframework_ProjectAssignment_Group2\Documentations\Features\0_First_Test_Suite.robot">
<test id="s1-t1" name="add candidate" line="5">
<kw name="Open Browser" library="SeleniumLibrary">
<arg>https://opensource-demo.orangehrmlive.com/</arg>
<arg>chrome</arg>
<doc>Opens a new browser instance to the optional ``url``.</doc>
<msg timestamp="20220807 15:09:14.578" level="INFO">Opening browser 'chrome' to base url 'https://opensource-demo.orangehrmlive.com/'.</msg>
<status status="PASS" starttime="20220807 15:09:14.578" endtime="20220807 15:09:23.072"/>
</kw>
<kw name="Input Text" library="SeleniumLibrary">
<arg>xpath=//*[@id="txtUsername"]</arg>
<arg>Admin</arg>
<doc>Types the given ``text`` into the text field identified by ``locator``.</doc>
<msg timestamp="20220807 15:09:23.073" level="INFO">Typing text 'Admin' into text field 'xpath=//*[@id="txtUsername"]'.</msg>
<status status="PASS" starttime="20220807 15:09:23.073" endtime="20220807 15:09:23.118"/>
</kw>
<kw name="Sleep" library="BuiltIn">
<arg>2</arg>
<doc>Pauses the test executed for the given time.</doc>
<msg timestamp="20220807 15:09:25.124" level="INFO">Slept 2 seconds</msg>
<status status="PASS" starttime="20220807 15:09:23.118" endtime="20220807 15:09:25.124"/>
</kw>
<kw name="Input Text" library="SeleniumLibrary">
<arg>xpath=//*[@id="txtPassword"]</arg>
<arg>admin123</arg>
<doc>Types the given ``text`` into the text field identified by ``locator``.</doc>
<msg timestamp="20220807 15:09:25.124" level="INFO">Typing text 'admin123' into text field 'xpath=//*[@id="txtPassword"]'.</msg>
<status status="PASS" starttime="20220807 15:09:25.124" endtime="20220807 15:09:25.166"/>
</kw>
<kw name="Sleep" library="BuiltIn">
<arg>3</arg>
<doc>Pauses the test executed for the given time.</doc>
<msg timestamp="20220807 15:09:28.179" level="INFO">Slept 3 seconds</msg>
<status status="PASS" starttime="20220807 15:09:25.166" endtime="20220807 15:09:28.179"/>
</kw>
<kw name="Click Element" library="SeleniumLibrary">
<arg>xpath=//*[@id="btnLogin"]</arg>
<doc>Click the element identified by ``locator``.</doc>
<msg timestamp="20220807 15:09:28.179" level="INFO">Clicking element 'xpath=//*[@id="btnLogin"]'.</msg>
<status status="PASS" starttime="20220807 15:09:28.179" endtime="20220807 15:09:33.015"/>
</kw>
<kw name="Sleep" library="BuiltIn">
<arg>3</arg>
<doc>Pauses the test executed for the given time.</doc>
<msg timestamp="20220807 15:09:36.021" level="INFO">Slept 3 seconds</msg>
<status status="PASS" starttime="20220807 15:09:33.015" endtime="20220807 15:09:36.021"/>
</kw>
<kw name="Click Element" library="SeleniumLibrary">
<arg>xpath=//*[@id="menu_recruitment_viewRecruitmentModule"]/b</arg>
<doc>Click the element identified by ``locator``.</doc>
<msg timestamp="20220807 15:09:36.021" level="INFO">Clicking element 'xpath=//*[@id="menu_recruitment_viewRecruitmentModule"]/b'.</msg>
<status status="PASS" starttime="20220807 15:09:36.021" endtime="20220807 15:09:37.943"/>
</kw>
<kw name="Sleep" library="BuiltIn">
<arg>1</arg>
<doc>Pauses the test executed for the given time.</doc>
<msg timestamp="20220807 15:09:38.959" level="INFO">Slept 1 second</msg>
<status status="PASS" starttime="20220807 15:09:37.943" endtime="20220807 15:09:38.959"/>
</kw>
<kw name="Click Element" library="SeleniumLibrary">
<arg>xpath=//*[@id="btnAdd"]</arg>
<doc>Click the element identified by ``locator``.</doc>
<msg timestamp="20220807 15:09:38.959" level="INFO">Clicking element 'xpath=//*[@id="btnAdd"]'.</msg>
<status status="PASS" starttime="20220807 15:09:38.959" endtime="20220807 15:09:39.792"/>
</kw>
<kw name="Sleep" library="BuiltIn">
<arg>1</arg>
<doc>Pauses the test executed for the given time.</doc>
<msg timestamp="20220807 15:09:40.805" level="INFO">Slept 1 second</msg>
<status status="PASS" starttime="20220807 15:09:39.793" endtime="20220807 15:09:40.805"/>
</kw>
<kw name="Input Text" library="SeleniumLibrary">
<arg>xpath=//*[@id="addCandidate_firstName"]</arg>
<arg>Alia</arg>
<doc>Types the given ``text`` into the text field identified by ``locator``.</doc>
<msg timestamp="20220807 15:09:40.805" level="INFO">Typing text 'Alia' into text field 'xpath=//*[@id="addCandidate_firstName"]'.</msg>
<status status="PASS" starttime="20220807 15:09:40.805" endtime="20220807 15:09:40.851"/>
</kw>
<kw name="Sleep" library="BuiltIn">
<arg>1</arg>
<doc>Pauses the test executed for the given time.</doc>
<msg timestamp="20220807 15:09:41.858" level="INFO">Slept 1 second</msg>
<status status="PASS" starttime="20220807 15:09:40.851" endtime="20220807 15:09:41.858"/>
</kw>
<kw name="Input Text" library="SeleniumLibrary">
<arg>xpath=//*[@id="addCandidate_lastName"]</arg>
<arg>Khalid</arg>
<doc>Types the given ``text`` into the text field identified by ``locator``.</doc>
<msg timestamp="20220807 15:09:41.858" level="INFO">Typing text 'Khalid' into text field 'xpath=//*[@id="addCandidate_lastName"]'.</msg>
<status status="PASS" starttime="20220807 15:09:41.858" endtime="20220807 15:09:41.902"/>
</kw>
<kw name="Sleep" library="BuiltIn">
<arg>1</arg>
<doc>Pauses the test executed for the given time.</doc>
<msg timestamp="20220807 15:09:42.903" level="INFO">Slept 1 second</msg>
<status status="PASS" starttime="20220807 15:09:41.902" endtime="20220807 15:09:42.903"/>
</kw>
<kw name="Input Text" library="SeleniumLibrary">
<arg>xpath=//*[@id="addCandidate_email"]</arg>
<arg>aliakhalid@kmail.com</arg>
<doc>Types the given ``text`` into the text field identified by ``locator``.</doc>
<msg timestamp="20220807 15:09:42.903" level="INFO">Typing text 'aliakhalid@kmail.com' into text field 'xpath=//*[@id="addCandidate_email"]'.</msg>
<status status="PASS" starttime="20220807 15:09:42.903" endtime="20220807 15:09:42.943"/>
</kw>
<kw name="Sleep" library="BuiltIn">
<arg>1</arg>
<doc>Pauses the test executed for the given time.</doc>
<msg timestamp="20220807 15:09:43.957" level="INFO">Slept 1 second</msg>
<status status="PASS" starttime="20220807 15:09:42.943" endtime="20220807 15:09:43.957"/>
</kw>
<kw name="Select From List By Label" library="SeleniumLibrary">
<arg>xpath=//*[@id="addCandidate_vacancy"]</arg>
<arg>Senior QA Lead</arg>
<doc>Selects options from selection list ``locator`` by ``labels``.</doc>
<msg timestamp="20220807 15:09:43.957" level="INFO">Selecting options from selection list 'xpath=//*[@id="addCandidate_vacancy"]' by label Senior QA Lead.</msg>
<status status="PASS" starttime="20220807 15:09:43.957" endtime="20220807 15:09:43.994"/>
</kw>
<kw name="Sleep" library="BuiltIn">
<arg>1</arg>
<doc>Pauses the test executed for the given time.</doc>
<msg timestamp="20220807 15:09:45.002" level="INFO">Slept 1 second</msg>
<status status="PASS" starttime="20220807 15:09:43.994" endtime="20220807 15:09:45.002"/>
</kw>
<kw name="Choose File" library="SeleniumLibrary">
<arg>xpath=//*[@id="addCandidate_resume"]</arg>
<arg>E:\\Github\\Robotframework_ProjectAssignment_Group2\\Documentations\\Features/sample_resume_small_size.pdf</arg>
<doc>Inputs the ``file_path`` into the file input field ``locator``.</doc>
<msg timestamp="20220807 15:09:45.002" level="INFO">Sending E:\Github\Robotframework_ProjectAssignment_Group2\Documentations\Features\sample_resume_small_size.pdf to browser.</msg>
<status status="PASS" starttime="20220807 15:09:45.002" endtime="20220807 15:09:45.041"/>
</kw>
<kw name="Click Element" library="SeleniumLibrary">
<arg>xpath=//*[@id="btnSave"]</arg>
<doc>Click the element identified by ``locator``.</doc>
<msg timestamp="20220807 15:09:45.042" level="INFO">Clicking element 'xpath=//*[@id="btnSave"]'.</msg>
<status status="PASS" starttime="20220807 15:09:45.041" endtime="20220807 15:09:46.022"/>
</kw>
<kw name="Sleep" library="BuiltIn">
<arg>3</arg>
<doc>Pauses the test executed for the given time.</doc>
<msg timestamp="20220807 15:09:49.028" level="INFO">Slept 3 seconds</msg>
<status status="PASS" starttime="20220807 15:09:46.023" endtime="20220807 15:09:49.032"/>
</kw>
<kw name="Click Element" library="SeleniumLibrary">
<arg>xpath=//*[@id="btnBack"]</arg>
<doc>Click the element identified by ``locator``.</doc>
<msg timestamp="20220807 15:09:49.032" level="INFO">Clicking element 'xpath=//*[@id="btnBack"]'.</msg>
<status status="PASS" starttime="20220807 15:09:49.032" endtime="20220807 15:09:49.625"/>
</kw>
<kw name="Sleep" library="BuiltIn">
<arg>2</arg>
<doc>Pauses the test executed for the given time.</doc>
<msg timestamp="20220807 15:09:51.633" level="INFO">Slept 2 seconds</msg>
<status status="PASS" starttime="20220807 15:09:49.626" endtime="20220807 15:09:51.633"/>
</kw>
<status status="PASS" starttime="20220807 15:09:14.578" endtime="20220807 15:09:51.633"/>
</test>
<status status="PASS" starttime="20220807 15:09:14.293" endtime="20220807 15:09:51.633"/>
</suite>
<statistics>
<total>
<stat pass="1" fail="0" skip="0">All Tests</stat>
</total>
<tag>
</tag>
<suite>
<stat pass="1" fail="0" skip="0" id="s1" name="0 First Test Suite">0 First Test Suite</stat>
</suite>
</statistics>
<errors>
</errors>
</robot>
